<?xml version="1.0" encoding="UTF-8"?>
<testng-results skipped="0" failed="0" ignored="0" total="1" passed="1">
  <reporter-output>
  </reporter-output>
  <suite name="Default suite" duration-ms="5277" started-at="2018-09-03T20:45:54Z" finished-at="2018-09-03T20:45:59Z">
    <groups>
    </groups>
    <test name="Default test" duration-ms="5277" started-at="2018-09-03T20:45:54Z" finished-at="2018-09-03T20:45:59Z">
      <class name="com.rajiv.restGui.RestApi">
        <test-method status="PASS" signature="verify()[pri:0, instance:com.rajiv.restGui.RestApi@46d56d67]" name="verify" duration-ms="5241" started-at="2018-09-04T02:15:54Z" finished-at="2018-09-04T02:15:59Z">
          <reporter-output>
          </reporter-output>
        </test-method> <!-- verify -->
      </class> <!-- com.rajiv.restGui.RestApi -->
    </test> <!-- Default test -->
  </suite> <!-- Default suite -->
</testng-results>
